#
# There is insufficient memory for the Java Runtime Environment to continue.
# Native memory allocation (mmap) failed to map 196083712 bytes for G1 virtual space
# Possible reasons:
#   The system is out of physical RAM or swap space
#   The process is running with CompressedOops enabled, and the Java Heap may be blocking the growth of the native heap
# Possible solutions:
#   Reduce memory load on the system
#   Increase physical memory or swap space
#   Check if swap backing store is full
#   Decrease Java heap size (-Xmx/-Xms)
#   Decrease number of Java threads
#   Decrease Java thread stack sizes (-Xss)
#   Set larger code cache with -XX:ReservedCodeCacheSize=
#   JVM is running with Unscaled Compressed Oops mode in which the Java heap is
#     placed in the first 4GB address space. The Java Heap base address is the
#     maximum limit for the native heap growth. Please use -XX:HeapBaseMinAddress
#     to set the Java Heap base and to place the Java Heap above 4GB virtual address.
# This output file may be truncated or incomplete.
#
#  Out of Memory Error (os_windows.cpp:3552), pid=12352, tid=22304
#
# JRE version: Java(TM) SE Runtime Environment (17.0.9+11) (build 17.0.9+11-LTS-201)
# Java VM: Java HotSpot(TM) 64-Bit Server VM (17.0.9+11-LTS-201, mixed mode, sharing, tiered, compressed oops, compressed class ptrs, g1 gc, windows-amd64)
# No core dump will be written. Minidumps are not enabled by default on client versions of Windows
#

---------------  S U M M A R Y ------------

Command Line: -ea -Didea.test.cyclic.buffer.size=1048576 -javaagent:D:\Program Files\IntelliJ IDEA 2023.3.4\lib\idea_rt.jar=59768:D:\Program Files\IntelliJ IDEA 2023.3.4\bin -Dfile.encoding=UTF-8 com.intellij.rt.junit.JUnitStarter -ideVersion5 -junit5 fr.uga.l3miage.spring.tp3.services.SessionServiceTest,testmodifyStateSession

Host: Intel(R) Core(TM) i5-7300HQ CPU @ 2.50GHz, 4 cores, 7G,  Windows 10 , 64 bit Build 19041 (10.0.19041.3636)
Time: Fri Apr  5 23:03:52 2024 Paris, Madrid (heure duild 19041 (10.0.19041.3636) elapsed time: 19.563308 seconds (0d 0h 0m 19s)

---------------  T H R E A D  ---------------

Current thread (0x000002bbfe3762f0):  VMThread "VM Thread" [stack: 0x000000be61c00000,0x000000be61d00000] [id=22304]

Stack: [0x000000be61c00000,0x000000be61d00000]
Native frames: (J=compiled Java code, j=interpreted, Vv=VM code, C=native code)
V  [jvm.dll+0x678a4a]
V  [jvm.dll+0x7d9cfd]
V  [jvm.dll+0x7db60e]
V  [jvm.dll+0x7dbc73]
V  [jvm.dll+0x245e1f]
V  [jvm.dll+0x6758f9]
V  [jvm.dll+0x66a2a2]
V  [jvm.dll+0x303686]
V  [jvm.dll+0x30ac06]
V  [jvm.dll+0x35a48e]
V  [jvm.dll+0x35a6bf]
V  [jvm.dll+0x2da678]
V  [jvm.dll+0x2d8a85]
V  [jvm.dll+0x2d808c]
V  [jvm.dll+0x31b97b]
V  [jvm.dll+0x7e048b]
V  [jvm.dll+0x7e11c4]
V  [jvm.dll+0x7e16dd]
V  [jvm.dll+0x7e1ab4]
V  [jvm.dll+0x7e1b80]
V  [jvm.dll+0x78998a]
V  [jvm.dll+0x677875]
C  [ucrtbase.dll+0x21bb2]
C  [KERNEL32.DLL+0x17344]
C  [ntdll.dll+0x526b1]

VM_Operation (0x000000be632fcd60): G1CollectForAllocation, mode: safepoint, requested by thread 0x000002bbc5a76ed0


---------------  P R O C E S S  ---------------

Threads class SMR info:
_java_thread_list=0x000002bbc6d273c0, length=24, elements={
0x000002bbe0aed4d0, 0x000002bbfe37af00, 0x000002bbfe37bd80, 0x000002bbfe38da30,
0x000002bbfe38e5f0, 0x000002bbfe38f1b0, 0x000002bbfe391b80, 0x000002bbfe392e80,
0x000002bbfe39f240, 0x000002bbfe3aa830, 0x000002bbfe365b10, 0x000002bbfe75ae10,
0x000002bbfe76f2d0, 0x000002bbc5a78820, 0x000002bbc5a75580, 0x000002bbfef60630,
0x000002bbc5a769c0, 0x000002bbc5a75fa0, 0x000002bbc5a76ed0, 0x000002bbc5a773e0,
0x000002bbc5a778f0, 0x000002bbc5a78310, 0x000002bbfef0a290, 0x000002bbfef09870
}

Java Threads: ( => current thread )
  0x000002bbe0aed4d0 JavaThread "main" [_thread_blocked, id=11488, stack(0x000000be61600000,0x000000be61700000)]
  0x000002bbfe37af00 JavaThread "Reference Handler" daemon [_thread_blocked, id=20464, stack(0x000000be61d00000,0x000000be61e00000)]
  0x000002bbfe37bd80 JavaThread "Finalizer" daemon [_thread_blocked, id=16296, stack(0x000000be61e00000,0x000000be61f00000)]
  0x000002bbfe38da30 JavaThread "Signal Dispatcher" daemon [_thread_blocked, id=24024, stack(0x000000be61f00000,0x000000be62000000)]
  0x000002bbfe38e5f0 JavaThread "Attach Listener" daemon [_thread_blocked, id=23364, stack(0x000000be62000000,0x000000be62100000)]
  0x000002bbfe38f1b0 JavaThread "Service Thread" daemon [_thread_blocked, id=22288, stack(0x000000be62100000,0x000000be62200000)]
  0x000002bbfe391b80 JavaThread "Monitor Deflation Thread" daemon [_thread_blocked, id=24440, stack(0x000000be62200000,0x000000be62300000)]
  0x000002bbfe392e80 JavaThread "C2 CompilerThread0" daemon [_thread_blocked, id=14396, stack(0x000000be62300000,0x000000be62400000)]
  0x000002bbfe39f240 JavaThread "C1 CompilerThread0" daemon [_thread_blocked, id=3256, stack(0x000000be62400000,0x000000be62500000)]
  0x000002bbfe3aa830 JavaThread "Sweeper thread" daemon [_thread_blocked, id=12984, stack(0x000000be62500000,0x000000be62600000)]
  0x000002bbfe365b10 JavaThread "Common-Cleaner" daemon [_thread_blocked, id=22080, stack(0x000000be62600000,0x000000be62700000)]
  0x000002bbfe75ae10 JavaThread "Monitor Ctrl-Break" daemon [_thread_in_native, id=8800, stack(0x000000be62700000,0x000000be62800000)]
  0x000002bbfe76f2d0 JavaThread "Notification Thread" daemon [_thread_blocked, id=12992, stack(0x000000be62800000,0x000000be62900000)]
  0x000002bbc5a78820 JavaThread "task-1" [_thread_blocked, id=19732, stack(0x000000be62e00000,0x000000be62f00000)]
  0x000002bbc5a75580 JavaThread "task-2" [_thread_blocked, id=16792, stack(0x000000be62a00000,0x000000be62b00000)]
  0x000002bbfef60630 JavaThread "C2 CompilerThread1" daemon [_thread_blocked, id=21320, stack(0x000000be62f00000,0x000000be63000000)]
  0x000002bbc5a769c0 JavaThread "ClassGraph-worker-48" daemon [_thread_blocked, id=7336, stack(0x000000be63000000,0x000000be63100000)]
  0x000002bbc5a75fa0 JavaThread "ClassGraph-worker-49" daemon [_thread_blocked, id=5592, stack(0x000000be63100000,0x000000be63200000)]
  0x000002bbc5a76ed0 JavaThread "ClassGraph-worker-50" daemon [_thread_blocked, id=23988, stack(0x000000be63200000,0x000000be63300000)]
  0x000002bbc5a773e0 JavaThread "ClassGraph-worker-51" daemon [_thread_blocked, id=21724, stack(0x000000be63300000,0x000000be63400000)]
  0x000002bbc5a778f0 JavaThread "ClassGraph-worker-52" daemon [_thread_blocked, id=22148, stack(0x000000be63400000,0x000000be63500000)]
  0x000002bbc5a78310 JavaThread "ClassGraph-worker-53" daemon [_thread_blocked, id=22088, stack(0x000000be63500000,0x000000be63600000)]
  0x000002bbfef0a290 JavaThread "ClassGraph-worker-54" daemon [_thread_blocked, id=23888, stack(0x000000be63600000,0x000000be63700000)]
  0x000002bbfef09870 JavaThread "ClassGraph-worker-55" daemon [_thread_blocked, id=22416, stack(0x000000be63700000,0x000000be63800000)]

Other Threads:
=>0x000002bbfe3762f0 VMThread "VM Thread" [stack: 0x000000be61c00000,0x000000be61d00000] [id=22304]
  0x000002bbe0b5f830 WatcherThread [stack: 0x000000be62900000,0x000000be62a00000] [id=21488]
  0x000002bbe0b44e80 GCTaskThread "GC Thread#0" [stack: 0x000000be61700000,0x000000be61800000] [id=24076]
  0x000002bbc53aa010 GCTaskThread "GC Thread#1" [stack: 0x000000be62b00000,0x000000be62c00000] [id=16948]
  0x000002bbc5183130 GCTaskThread "GC Thread#2" [stack: 0x000000be62c00000,0x000000be62d00000] [id=14928]
  0x000002bbff08ae20 GCTaskThread "GC Thread#3" [stack: 0x000000be62d00000,0x000000be62e00000] [id=20064]
  0x000002bbe0b55a50 ConcurrentGCThread "G1 Main Marker" [stack: 0x000000be61800000,0x000000be61900000] [id=6676]
  0x000002bbe0b56c00 ConcurrentGCThread "G1 Conc#0" [stack: 0x000000be61900000,0x000000be61a00000] [id=16908]
  0x000002bbe0baec90 ConcurrentGCThread "G1 Refine#0" [stack: 0x000000be61a00000,0x000000be61b00000] [id=22788]
  0x000002bbfe22e900 ConcurrentGCThread "G1 Service" [stack: 0x000000be61b00000,0x000000be61c00000] [id=16112]

Threads with active compile tasks:
C2 CompilerThread0    19621 7010       4       io.github.classgraph.ClasspathElementZip::scanPaths (879 bytes)
C1 CompilerThread0    19621 7075   !   3       sun.nio.fs.WindowsUriSupport::toUri (245 bytes)
C2 CompilerThread1    19621 7067   !   4       nonapi.io.github.classgraph.fastzipfilereader.LogicalZipFile::readCentralDirectory (3373 bytes)

VM state: at safepoint (normal execution)

VM Mutex/Monitor currently owned by a thread:  ([mutex/lock_event])
[0x000002bbe0ae7f20] Threads_lock - owner thread: 0x000002bbfe3762f0
[0x000002bbe0ae97e0] Heap_lock - owner thread: 0x000002bbc5a76ed0

Heap address: 0x0000000081c00000, size: 2020 MB, Compressed Oops mode: 32-bit

CDS archive(s) mapped at: [0x000002bb80000000-0x000002bb80bd0000-0x000002bb80bd0000), size 12386304, SharedBaseAddress: 0x000002bb80000000, ArchiveRelocationMode: 1.
Compressed class space mapped at: 0x000002bb81000000-0x000002bbc1000000, reserved size: 1073741824
Narrow klass base: 0x000002bb80000000, Narrow klass shift: 0, Narrow klass range: 0x100000000

GC Precious Log:
 CPUs: 4 total, 4 available
 Memory: 8077M
 Large Page Support: Disabled
 NUMA Support: Disabled
 Compressed Oops: Enabled (32-bit)
 Heap Region Size: 1M
 Heap Min Capacity: 8M
 Heap Initial Capacity: 128M
 Heap Max Capacity: 2020M
 Pre-touch: Disabled
 Parallel Workers: 4
 Concurrent Workers: 1
 Concurrent Refinement Workers: 4
 Periodic GC: Disabled

Heap:
 garbage-first heap   total 131072K, used 56977K [0x0000000081c00000, 0x0000000100000000)
  region size 1024K, 1 young (1024K), 1 survivors (1024K)
 Metaspace       used 59605K, committed 59968K, reserved 1114112K
  class space    used 8126K, committed 8320K, reserved 1048576K

Heap Regions: E=young(eden), S=young(survivor), O=old, HS=humongous(starts), HC=humongous(continues), CS=collection set, F=free, OA=open archive, CA=closed archive, TAMS=top-at-mark-start (previous, next)
|   0|0x0000000081c00000, 0x0000000081d00000, 0x0000000081d00000|100%|HS|  |TAMS 0x0000000081d00000, 0x0000000081c00000| Complete 
|   1|0x0000000081d00000, 0x0000000081e00000, 0x0000000081e00000|100%| O|  |TAMS 0x0000000081e00000, 0x0000000081d00000| Untracked 
|   2|0x0000000081e00000, 0x0000000081f00000, 0x0000000081f00000|100%| O|  |TAMS 0x0000000081f00000, 0x0000000081e00000| Untracked 
|   3|0x0000000081f00000, 0x0000000082000000, 0x0000000082000000|100%| O|  |TAMS 0x0000000082000000, 0x0000000081f00000| Untracked 
|   4|0x0000000082000000, 0x0000000082100000, 0x0000000082100000|100%| O|  |TAMS 0x0000000082100000, 0x0000000082000000| Untracked 
|   5|0x0000000082100000, 0x0000000082200000, 0x0000000082200000|100%| O|  |TAMS 0x0000000082200000, 0x0000000082100000| Untracked 
|   6|0x0000000082200000, 0x0000000082300000, 0x0000000082300000|100%| O|  |TAMS 0x0000000082300000, 0x0000000082200000| Untracked 
|   7|0x0000000082300000, 0x0000000082400000, 0x0000000082400000|100%| O|  |TAMS 0x0000000082400000, 0x0000000082300000| Untracked 
|   8|0x0000000082400000, 0x0000000082500000, 0x0000000082500000|100%| O|  |TAMS 0x0000000082500000, 0x0000000082400000| Untracked 
|   9|0x0000000082500000, 0x0000000082600000, 0x0000000082600000|100%| O|  |TAMS 0x0000000082600000, 0x0000000082500000| Untracked 
|  10|0x0000000082600000, 0x0000000082700000, 0x0000000082700000|100%| O|  |TAMS 0x0000000082700000, 0x0000000082600000| Untracked 
|  11|0x0000000082700000, 0x00000000827d5a00, 0x0000000082800000| 83%| O|  |TAMS 0x00000000827d5a00, 0x0000000082700000| Untracked 
|  12|0x0000000082800000, 0x0000000082900000, 0x0000000082900000|100%| O|  |TAMS 0x0000000082900000, 0x0000000082800000| Untracked 
|  13|0x0000000082900000, 0x0000000082a00000, 0x0000000082a00000|100%| O|  |TAMS 0x0000000082a00000, 0x0000000082900000| Untracked 
|  14|0x0000000082a00000, 0x0000000082b00000, 0x0000000082b00000|100%| O|  |TAMS 0x0000000082b00000, 0x0000000082a00000| Untracked 
|  15|0x0000000082b00000, 0x0000000082c00000, 0x0000000082c00000|100%| O|  |TAMS 0x0000000082c00000, 0x0000000082b00000| Untracked 
|  16|0x0000000082c00000, 0x0000000082d00000, 0x0000000082d00000|100%| O|  |TAMS 0x0000000082d00000, 0x0000000082c00000| Untracked 
|  17|0x0000000082d00000, 0x0000000082e00000, 0x0000000082e00000|100%| O|  |TAMS 0x0000000082e00000, 0x0000000082d00000| Untracked 
|  18|0x0000000082e00000, 0x0000000082f00000, 0x0000000082f00000|100%| O|  |TAMS 0x0000000082f00000, 0x0000000082e00000| Untracked 
|  19|0x0000000082f00000, 0x0000000083000000, 0x0000000083000000|100%| O|  |TAMS 0x0000000083000000, 0x0000000082f00000| Untracked 
|  20|0x0000000083000000, 0x0000000083100000, 0x0000000083100000|100%| O|  |TAMS 0x0000000083100000, 0x0000000083000000| Untracked 
|  21|0x0000000083100000, 0x0000000083200000, 0x0000000083200000|100%| O|  |TAMS 0x0000000083200000, 0x0000000083100000| Untracked 
|  22|0x0000000083200000, 0x0000000083300000, 0x0000000083300000|100%| O|  |TAMS 0x0000000083300000, 0x0000000083200000| Untracked 
|  23|0x0000000083300000, 0x0000000083400000, 0x0000000083400000|100%| O|  |TAMS 0x0000000083400000, 0x0000000083300000| Untracked 
|  24|0x0000000083400000, 0x0000000083500000, 0x0000000083500000|100%| O|  |TAMS 0x0000000083500000, 0x0000000083400000| Untracked 
|  25|0x0000000083500000, 0x0000000083600000, 0x0000000083600000|100%| O|  |TAMS 0x0000000083600000, 0x0000000083500000| Untracked 
|  26|0x0000000083600000, 0x0000000083700000, 0x0000000083700000|100%| O|  |TAMS 0x0000000083700000, 0x0000000083600000| Untracked 
|  27|0x0000000083700000, 0x0000000083800000, 0x0000000083800000|100%| O|  |TAMS 0x0000000083800000, 0x0000000083700000| Untracked 
|  28|0x0000000083800000, 0x0000000083900000, 0x0000000083900000|100%| O|  |TAMS 0x0000000083900000, 0x0000000083800000| Untracked 
|  29|0x0000000083900000, 0x0000000083a00000, 0x0000000083a00000|100%| O|  |TAMS 0x0000000083900000, 0x0000000083900000| Untracked 
|  30|0x0000000083a00000, 0x0000000083b00000, 0x0000000083b00000|100%| O|  |TAMS 0x0000000083b00000, 0x0000000083a00000| Untracked 
|  31|0x0000000083b00000, 0x0000000083c00000, 0x0000000083c00000|100%| O|  |TAMS 0x0000000083c00000, 0x0000000083b00000| Untracked 
|  32|0x0000000083c00000, 0x0000000083d00000, 0x0000000083d00000|100%| O|  |TAMS 0x0000000083d00000, 0x0000000083c00000| Untracked 
|  33|0x0000000083d00000, 0x0000000083d00000, 0x0000000083e00000|  0%| F|  |TAMS 0x0000000083d00000, 0x0000000083d00000| Untracked 
|  34|0x0000000083e00000, 0x0000000083f00000, 0x0000000083f00000|100%| O|  |TAMS 0x0000000083f00000, 0x0000000083e00000| Untracked 
|  35|0x0000000083f00000, 0x0000000084000000, 0x0000000084000000|100%| O|  |TAMS 0x0000000084000000, 0x0000000083f00000| Untracked 
|  36|0x0000000084000000, 0x0000000084100000, 0x0000000084100000|100%| O|  |TAMS 0x0000000084000000, 0x0000000084000000| Untracked 
|  37|0x0000000084100000, 0x0000000084200000, 0x0000000084200000|100%| O|  |TAMS 0x0000000084100000, 0x0000000084100000| Untracked 
|  38|0x0000000084200000, 0x0000000084300000, 0x0000000084300000|100%| O|  |TAMS 0x0000000084200000, 0x0000000084200000| Untracked 
|  39|0x0000000084300000, 0x0000000084300000, 0x0000000084400000|  0%| F|  |TAMS 0x0000000084300000, 0x0000000084300000| Untracked 
|  40|0x0000000084400000, 0x0000000084500000, 0x0000000084500000|100%| O|  |TAMS 0x0000000084400000, 0x0000000084400000| Untracked 
|  41|0x0000000084500000, 0x0000000084500000, 0x0000000084600000|  0%| F|  |TAMS 0x0000000084500000, 0x0000000084500000| Untracked 
|  42|0x0000000084600000, 0x0000000084700000, 0x0000000084700000|100%| O|  |TAMS 0x0000000084600000, 0x0000000084600000| Untracked 
|  43|0x0000000084700000, 0x0000000084800000, 0x0000000084800000|100%| O|  |TAMS 0x0000000084700000, 0x0000000084700000| Untracked 
|  44|0x0000000084800000, 0x0000000084900000, 0x0000000084900000|100%| O|  |TAMS 0x0000000084800000, 0x0000000084800000| Untracked 
|  45|0x0000000084900000, 0x0000000084900000, 0x0000000084a00000|  0%| F|  |TAMS 0x0000000084900000, 0x0000000084900000| Untracked 
|  46|0x0000000084a00000, 0x0000000084a00000, 0x0000000084b00000|  0%| F|  |TAMS 0x0000000084a00000, 0x0000000084a00000| Untracked 
|  47|0x0000000084b00000, 0x0000000084c00000, 0x0000000084c00000|100%| O|  |TAMS 0x0000000084c00000, 0x0000000084b00000| Untracked 
|  48|0x0000000084c00000, 0x0000000084d00000, 0x0000000084d00000|100%| O|  |TAMS 0x0000000084d00000, 0x0000000084c00000| Untracked 
|  49|0x0000000084d00000, 0x0000000084e00000, 0x0000000084e00000|100%| O|  |TAMS 0x0000000084e00000, 0x0000000084d00000| Untracked 
|  50|0x0000000084e00000, 0x0000000084f00000, 0x0000000084f00000|100%| O|  |TAMS 0x0000000084f00000, 0x0000000084e00000| Untracked 
|  51|0x0000000084f00000, 0x0000000085000000, 0x0000000085000000|100%| O|  |TAMS 0x0000000085000000, 0x0000000084f00000| Untracked 
|  52|0x0000000085000000, 0x0000000085000000, 0x0000000085100000|  0%| F|  |TAMS 0x0000000085000000, 0x0000000085000000| Untracked 
|  53|0x0000000085100000, 0x0000000085200000, 0x0000000085200000|100%| O|  |TAMS 0x0000000085200000, 0x0000000085100000| Untracked 
|  54|0x0000000085200000, 0x0000000085300000, 0x0000000085300000|100%| O|  |TAMS 0x0000000085300000, 0x0000000085200000| Untracked 
|  55|0x0000000085300000, 0x0000000085300000, 0x0000000085400000|  0%| F|  |TAMS 0x0000000085300000, 0x0000000085300000| Untracked 
|  56|0x0000000085400000, 0x0000000085500000, 0x0000000085500000|100%| O|  |TAMS 0x0000000085400000, 0x0000000085400000| Untracked 
|  57|0x0000000085500000, 0x0000000085600000, 0x0000000085600000|100%| O|  |TAMS 0x0000000085500000, 0x0000000085500000| Untracked 
|  58|0x0000000085600000, 0x0000000085700000, 0x0000000085700000|100%| O|  |TAMS 0x0000000085600000, 0x0000000085600000| Untracked 
|  59|0x0000000085700000, 0x0000000085800000, 0x0000000085800000|100%| O|  |TAMS 0x0000000085700000, 0x0000000085700000| Untracked 
|  60|0x0000000085800000, 0x0000000085900000, 0x0000000085900000|100%| O|  |TAMS 0x0000000085800000, 0x0000000085800000| Untracked 
|  61|0x0000000085900000, 0x0000000085a00000, 0x0000000085a00000|100%| O|  |TAMS 0x0000000085900000, 0x0000000085900000| Untracked 
|  62|0x0000000085a00000, 0x0000000085a49800, 0x0000000085b00000| 28%| O|  |TAMS 0x0000000085a00000, 0x0000000085a00000| Untracked 
|  63|0x0000000085b00000, 0x0000000085b00000, 0x0000000085c00000|  0%| F|  |TAMS 0x0000000085b00000, 0x0000000085b00000| Untracked 
|  64|0x0000000085c00000, 0x0000000085c00000, 0x0000000085d00000|  0%| F|  |TAMS 0x0000000085c00000, 0x0000000085c00000| Untracked 
|  65|0x0000000085d00000, 0x0000000085d00000, 0x0000000085e00000|  0%| F|  |TAMS 0x0000000085d00000, 0x0000000085d00000| Untracked 
|  66|0x0000000085e00000, 0x0000000085e00000, 0x0000000085f00000|  0%| F|  |TAMS 0x0000000085e00000, 0x0000000085e00000| Untracked 
|  67|0x0000000085f00000, 0x0000000085f00000, 0x0000000086000000|  0%| F|  |TAMS 0x0000000085f00000, 0x0000000085f00000| Untracked 
|  68|0x0000000086000000, 0x0000000086000000, 0x0000000086100000|  0%| F|  |TAMS 0x0000000086000000, 0x0000000086000000| Untracked 
|  69|0x0000000086100000, 0x0000000086100000, 0x0000000086200000|  0%| F|  |TAMS 0x0000000086100000, 0x0000000086100000| Untracked 
|  70|0x0000000086200000, 0x0000000086200000, 0x0000000086300000|  0%| F|  |TAMS 0x0000000086200000, 0x0000000086200000| Untracked 
|  71|0x0000000086300000, 0x0000000086300000, 0x0000000086400000|  0%| F|  |TAMS 0x0000000086300000, 0x0000000086300000| Untracked 
|  72|0x0000000086400000, 0x0000000086400000, 0x0000000086500000|  0%| F|  |TAMS 0x0000000086400000, 0x0000000086400000| Untracked 
|  73|0x0000000086500000, 0x0000000086500000, 0x0000000086600000|  0%| F|  |TAMS 0x0000000086500000, 0x0000000086500000| Untracked 
|  74|0x0000000086600000, 0x0000000086600000, 0x0000000086700000|  0%| F|  |TAMS 0x0000000086600000, 0x0000000086600000| Untracked 
|  75|0x0000000086700000, 0x0000000086700000, 0x0000000086800000|  0%| F|  |TAMS 0x0000000086700000, 0x0000000086700000| Untracked 
|  76|0x0000000086800000, 0x0000000086800000, 0x0000000086900000|  0%| F|  |TAMS 0x0000000086800000, 0x0000000086800000| Untracked 
|  77|0x0000000086900000, 0x0000000086900000, 0x0000000086a00000|  0%| F|  |TAMS 0x0000000086900000, 0x0000000086900000| Untracked 
|  78|0x0000000086a00000, 0x0000000086a00000, 0x0000000086b00000|  0%| F|  |TAMS 0x0000000086a00000, 0x0000000086a00000| Untracked 
|  79|0x0000000086b00000, 0x0000000086b00000, 0x0000000086c00000|  0%| F|  |TAMS 0x0000000086b00000, 0x0000000086b00000| Untracked 
|  80|0x0000000086c00000, 0x0000000086c00000, 0x0000000086d00000|  0%| F|  |TAMS 0x0000000086c00000, 0x0000000086c00000| Untracked 
|  81|0x0000000086d00000, 0x0000000086d00000, 0x0000000086e00000|  0%| F|  |TAMS 0x0000000086d00000, 0x0000000086d00000| Untracked 
|  82|0x0000000086e00000, 0x0000000086e00000, 0x0000000086f00000|  0%| F|  |TAMS 0x0000000086e00000, 0x0000000086e00000| Untracked 
|  83|0x0000000086f00000, 0x0000000086f00000, 0x0000000087000000|  0%| F|  |TAMS 0x0000000086f00000, 0x0000000086f00000| Untracked 
|  84|0x0000000087000000, 0x0000000087000000, 0x0000000087100000|  0%| F|  |TAMS 0x0000000087000000, 0x0000000087000000| Untracked 
|  85|0x0000000087100000, 0x0000000087100000, 0x0000000087200000|  0%| F|  |TAMS 0x0000000087100000, 0x0000000087100000| Untracked 
|  86|0x0000000087200000, 0x0000000087200000, 0x0000000087300000|  0%| F|  |TAMS 0x0000000087200000, 0x0000000087200000| Untracked 
|  87|0x0000000087300000, 0x0000000087300000, 0x0000000087400000|  0%| F|  |TAMS 0x0000000087300000, 0x0000000087300000| Untracked 
|  88|0x0000000087400000, 0x0000000087400000, 0x0000000087500000|  0%| F|  |TAMS 0x0000000087400000, 0x0000000087400000| Untracked 
|  89|0x0000000087500000, 0x0000000087500000, 0x0000000087600000|  0%| F|  |TAMS 0x0000000087500000, 0x0000000087500000| Untracked 
|  90|0x0000000087600000, 0x0000000087600000, 0x0000000087700000|  0%| F|  |TAMS 0x0000000087600000, 0x0000000087600000| Untracked 
|  91|0x0000000087700000, 0x0000000087700000, 0x0000000087800000|  0%| F|  |TAMS 0x0000000087700000, 0x0000000087700000| Untracked 
|  92|0x0000000087800000, 0x0000000087800000, 0x0000000087900000|  0%| F|  |TAMS 0x0000000087800000, 0x0000000087800000| Untracked 
|  93|0x0000000087900000, 0x0000000087900000, 0x0000000087a00000|  0%| F|  |TAMS 0x0000000087900000, 0x0000000087900000| Untracked 
|  94|0x0000000087a00000, 0x0000000087a00000, 0x0000000087b00000|  0%| F|  |TAMS 0x0000000087a00000, 0x0000000087a00000| Untracked 
|  95|0x0000000087b00000, 0x0000000087b00000, 0x0000000087c00000|  0%| F|  |TAMS 0x0000000087b00000, 0x0000000087b00000| Untracked 
|  96|0x0000000087c00000, 0x0000000087c00000, 0x0000000087d00000|  0%| F|  |TAMS 0x0000000087c00000, 0x0000000087c00000| Untracked 
|  97|0x0000000087d00000, 0x0000000087d00000, 0x0000000087e00000|  0%| F|  |TAMS 0x0000000087d00000, 0x0000000087d00000| Untracked 
|  98|0x0000000087e00000, 0x0000000087e00000, 0x0000000087f00000|  0%| F|  |TAMS 0x0000000087e00000, 0x0000000087e00000| Untracked 
|  99|0x0000000087f00000, 0x0000000087f00000, 0x0000000088000000|  0%| F|  |TAMS 0x0000000087f00000, 0x0000000087f00000| Untracked 
| 100|0x0000000088000000, 0x0000000088000000, 0x0000000088100000|  0%| F|  |TAMS 0x0000000088000000, 0x0000000088000000| Untracked 
| 101|0x0000000088100000, 0x0000000088100000, 0x0000000088200000|  0%| F|  |TAMS 0x0000000088100000, 0x0000000088100000| Untracked 
| 102|0x0000000088200000, 0x0000000088285240, 0x0000000088300000| 52%| S|CS|TAMS 0x0000000088200000, 0x0000000088200000| Complete 
| 103|0x0000000088300000, 0x0000000088300000, 0x0000000088400000|  0%| F|  |TAMS 0x0000000088300000, 0x0000000088300000| Untracked 
| 104|0x0000000088400000, 0x0000000088400000, 0x0000000088500000|  0%| F|  |TAMS 0x0000000088400000, 0x0000000088400000| Untracked 
| 105|0x0000000088500000, 0x0000000088500000, 0x0000000088600000|  0%| F|  |TAMS 0x0000000088500000, 0x0000000088500000| Untracked 
| 106|0x0000000088600000, 0x0000000088600000, 0x0000000088700000|  0%| F|  |TAMS 0x0000000088600000, 0x0000000088600000| Untracked 
| 107|0x0000000088700000, 0x0000000088700000, 0x0000000088800000|  0%| F|  |TAMS 0x0000000088700000, 0x0000000088700000| Untracked 
| 108|0x0000000088800000, 0x0000000088800000, 0x0000000088900000|  0%| F|  |TAMS 0x0000000088800000, 0x0000000088800000| Untracked 
| 109|0x0000000088900000, 0x0000000088900000, 0x0000000088a00000|  0%| F|  |TAMS 0x0000000088900000, 0x0000000088900000| Untracked 
| 110|0x0000000088a00000, 0x0000000088a00000, 0x0000000088b00000|  0%| F|  |TAMS 0x0000000088a00000, 0x0000000088a00000| Untracked 
| 111|0x0000000088b00000, 0x0000000088b00000, 0x0000000088c00000|  0%| F|  |TAMS 0x0000000088b00000, 0x0000000088b00000| Untracked 
| 112|0x0000000088c00000, 0x0000000088c00000, 0x0000000088d00000|  0%| F|  |TAMS 0x0000000088c00000, 0x0000000088c00000| Untracked 
| 113|0x0000000088d00000, 0x0000000088d00000, 0x0000000088e00000|  0%| F|  |TAMS 0x0000000088d00000, 0x0000000088d00000| Untracked 
| 114|0x0000000088e00000, 0x0000000088e00000, 0x0000000088f00000|  0%| F|  |TAMS 0x0000000088e00000, 0x0000000088e00000| Untracked 
| 115|0x0000000088f00000, 0x0000000088f00000, 0x0000000089000000|  0%| F|  |TAMS 0x0000000088f00000, 0x0000000088f00000| Untracked 
| 116|0x0000000089000000, 0x0000000089000000, 0x0000000089100000|  0%| F|  |TAMS 0x0000000089000000, 0x0000000089000000| Untracked 
| 117|0x0000000089100000, 0x0000000089100000, 0x0000000089200000|  0%| F|  |TAMS 0x0000000089100000, 0x0000000089100000| Untracked 
| 118|0x0000000089200000, 0x0000000089200000, 0x0000000089300000|  0%| F|  |TAMS 0x0000000089200000, 0x0000000089200000| Untracked 
| 119|0x0000000089300000, 0x0000000089300000, 0x0000000089400000|  0%| F|  |TAMS 0x0000000089300000, 0x0000000089300000| Untracked 
| 120|0x0000000089400000, 0x0000000089400000, 0x0000000089500000|  0%| F|  |TAMS 0x0000000089400000, 0x0000000089400000| Untracked 
| 121|0x0000000089500000, 0x0000000089500000, 0x0000000089600000|  0%| F|  |TAMS 0x0000000089500000, 0x0000000089500000| Untracked 
| 122|0x0000000089600000, 0x0000000089600000, 0x0000000089700000|  0%| F|  |TAMS 0x0000000089600000, 0x0000000089600000| Untracked 
| 123|0x0000000089700000, 0x0000000089700000, 0x0000000089800000|  0%| F|  |TAMS 0x0000000089700000, 0x0000000089700000| Untracked 
| 124|0x0000000089800000, 0x0000000089800000, 0x0000000089900000|  0%| F|  |TAMS 0x0000000089800000, 0x0000000089800000| Untracked 
| 125|0x0000000089900000, 0x0000000089900000, 0x0000000089a00000|  0%| F|  |TAMS 0x0000000089900000, 0x0000000089900000| Untracked 
| 126|0x0000000089a00000, 0x0000000089a00000, 0x0000000089b00000|  0%| F|  |TAMS 0x0000000089a00000, 0x0000000089a00000| Untracked 
| 127|0x0000000089b00000, 0x0000000089b00000, 0x0000000089c00000|  0%| F|  |TAMS 0x0000000089b00000, 0x0000000089b00000| Untracked 

Card table byte_map: [0x000002bbf7780000,0x000002bbf7b80000] _byte_map_base: 0x000002bbf7372000

Marking Bits (Prev, Next): (CMBitMap*) 0x000002bbe0b454e0, (CMBitMap*) 0x000002bbe0b454a0
 Prev Bits: [0x000002bbf9f10000, 0x000002bbfbea0000)
 Next Bits: [0x000002bbf7f80000, 0x000002bbf9f10000)

Polling page: 0x000002bbdeab0000

Metaspace:

Usage:
  Non-class:     50.27 MB used.
      Class:      7.94 MB used.
       Both:     58.21 MB used.

Virtual space:
  Non-class space:       64.00 MB reserved,      50.44 MB ( 79%) committed,  1 nodes.
      Class space:        1.00 GB reserved,       8.12 MB ( <1%) committed,  1 nodes.
             Both:        1.06 GB reserved,      58.56 MB (  5%) committed. 

Chunk freelists:
   Non-Class:  13.14 MB
       Class:  7.83 MB
        Both:  20.97 MB

MaxMetaspaceSize: unlimited
CompressedClassSpaceSize: 1.00 GB
Initial GC threshold: 21.00 MB
Current GC threshold: 97.50 MB
CDS: on
MetaspaceReclaimPolicy: balanced
 - commit_granule_bytes: 65536.
 - commit_granule_words: 8192.
 - virtual_space_node_default_size: 8388608.
 - enlarge_chunks_in_place: 1.
 - new_chunks_are_fully_committed: 0.
 - uncommit_free_chunks: 1.
 - use_allocation_guard: 0.
 - handle_deallocations: 1.


Internal statistics:

num_allocs_failed_limit: 6.
num_arena_births: 486.
num_arena_deaths: 0.
num_vsnodes_births: 2.
num_vsnodes_deaths: 0.
num_space_committed: 937.
num_space_uncommitted: 0.
num_chunks_returned_to_freelist: 6.
num_chunks_taken_from_freelist: 2691.
num_chunk_merges: 6.
num_chunk_splits: 1916.
num_chunks_enlarged: 1509.
num_inconsistent_stats: 0.

CodeHeap 'non-profiled nmethods': size=120000Kb used=4551Kb max_used=4551Kb free=115448Kb
 bounds [0x000002bbefe50000, 0x000002bbf02d0000, 0x000002bbf7380000]
CodeHeap 'profiled nmethods': size=120000Kb used=13937Kb max_used=13937Kb free=106062Kb
 bounds [0x000002bbe8380000, 0x000002bbe9120000, 0x000002bbef8b0000]
CodeHeap 'non-nmethods': size=5760Kb used=1308Kb max_used=1435Kb free=4452Kb
 bounds [0x000002bbef8b0000, 0x000002bbefb20000, 0x000002bbefe50000]
 total_blobs=6991 nmethods=6357 adapters=545
 compilation: enabled
              stopped_count=0, restarted_count=0
 full_count=0

Compilation events (20 events):
Event: 19.389 Thread 0x000002bbfe39f240 nmethod 7060 0x000002bbe9119010 code [0x000002bbe91191e0, 0x000002bbe9119738]
Event: 19.410 Thread 0x000002bbfef60630 nmethod 7059% 0x000002bbf02bd290 code [0x000002bbf02bd4c0, 0x000002bbf02bed60]
Event: 19.410 Thread 0x000002bbfef60630 7064 %     4       java.net.URI::quote @ 24 (214 bytes)
Event: 19.425 Thread 0x000002bbfe39f240 7068       3       java.util.stream.MatchOps::makeRef (29 bytes)
Event: 19.425 Thread 0x000002bbfe39f240 nmethod 7068 0x000002bbe9119910 code [0x000002bbe9119b60, 0x000002bbe911a6e8]
Event: 19.425 Thread 0x000002bbfe39f240 7069       3       java.util.stream.MatchOps$$Lambda$64/0x000002bb810595e8::get (12 bytes)
Event: 19.426 Thread 0x000002bbfe39f240 nmethod 7069 0x000002bbe911aa90 code [0x000002bbe911ac60, 0x000002bbe911b078]
Event: 19.426 Thread 0x000002bbfe39f240 7070       3       java.util.stream.MatchOps::lambda$makeRef$0 (10 bytes)
Event: 19.426 Thread 0x000002bbfe39f240 nmethod 7070 0x000002bbe911b210 code [0x000002bbe911b3c0, 0x000002bbe911b758]
Event: 19.426 Thread 0x000002bbfe39f240 7071       3       java.util.stream.MatchOps$1MatchSink::<init> (16 bytes)
Event: 19.426 Thread 0x000002bbfe39f240 nmethod 7071 0x000002bbe911b890 code [0x000002bbe911ba40, 0x000002bbe911bd38]
Event: 19.426 Thread 0x000002bbfe39f240 7072       1       io.micrometer.core.instrument.Meter$Id::syntheticAssociation (5 bytes)
Event: 19.426 Thread 0x000002bbfe39f240 nmethod 7072 0x000002bbf02bf790 code [0x000002bbf02bf920, 0x000002bbf02bf9f8]
Event: 19.437 Thread 0x000002bbfef60630 nmethod 7064% 0x000002bbf02bfa90 code [0x000002bbf02bfca0, 0x000002bbf02c1200]
Event: 19.438 Thread 0x000002bbfef60630 7067   !   4       nonapi.io.github.classgraph.fastzipfilereader.LogicalZipFile::readCentralDirectory (3373 bytes)
Event: 19.494 Thread 0x000002bbfe39f240 7073       3       java.nio.file.Paths::get (6 bytes)
Event: 19.495 Thread 0x000002bbfe39f240 nmethod 7073 0x000002bbe911be90 code [0x000002bbe911c060, 0x000002bbe911c468]
Event: 19.496 Thread 0x000002bbfe39f240 7074       3       io.github.classgraph.Scanner$2$1::newInstance (5 bytes)
Event: 19.496 Thread 0x000002bbfe39f240 nmethod 7074 0x000002bbe911c690 code [0x000002bbe911c840, 0x000002bbe911c988]
Event: 19.497 Thread 0x000002bbfe39f240 7075   !   3       sun.nio.fs.WindowsUriSupport::toUri (245 bytes)

GC Heap History (20 events):
Event: 16.636 GC heap after
{Heap after GC invocations=19 (full 0):
 garbage-first heap   total 75776K, used 31048K [0x0000000081c00000, 0x0000000100000000)
  region size 1024K, 4 young (4096K), 4 survivors (4096K)
 Metaspace       used 56304K, committed 56640K, reserved 1114112K
  class space    used 7735K, committed 7872K, reserved 1048576K
}
Event: 17.788 GC heap before
{Heap before GC invocations=19 (full 0):
 garbage-first heap   total 75776K, used 60744K [0x0000000081c00000, 0x0000000100000000)
  region size 1024K, 33 young (33792K), 4 survivors (4096K)
 Metaspace       used 58360K, committed 58752K, reserved 1114112K
  class space    used 8009K, committed 8192K, reserved 1048576K
}
Event: 17.794 GC heap after
{Heap after GC invocations=20 (full 0):
 garbage-first heap   total 75776K, used 34031K [0x0000000081c00000, 0x0000000100000000)
  region size 1024K, 5 young (5120K), 5 survivors (5120K)
 Metaspace       used 58360K, committed 58752K, reserved 1114112K
  class space    used 8009K, committed 8192K, reserved 1048576K
}
Event: 18.459 GC heap before
{Heap before GC invocations=20 (full 0):
 garbage-first heap   total 75776K, used 61679K [0x0000000081c00000, 0x0000000100000000)
  region size 1024K, 31 young (31744K), 5 survivors (5120K)
 Metaspace       used 59390K, committed 59776K, reserved 1114112K
  class space    used 8113K, committed 8320K, reserved 1048576K
}
Event: 18.467 GC heap after
{Heap after GC invocations=21 (full 0):
 garbage-first heap   total 75776K, used 39404K [0x0000000081c00000, 0x0000000100000000)
  region size 1024K, 4 young (4096K), 4 survivors (4096K)
 Metaspace       used 59390K, committed 59776K, reserved 1114112K
  class space    used 8113K, committed 8320K, reserved 1048576K
}
Event: 18.598 GC heap before
{Heap before GC invocations=21 (full 0):
 garbage-first heap   total 75776K, used 57836K [0x0000000081c00000, 0x0000000100000000)
  region size 1024K, 23 young (23552K), 4 survivors (4096K)
 Metaspace       used 59496K, committed 59904K, reserved 1114112K
  class space    used 8116K, committed 8320K, reserved 1048576K
}
Event: 18.605 GC heap after
{Heap after GC invocations=22 (full 0):
 garbage-first heap   total 75776K, used 44886K [0x0000000081c00000, 0x0000000100000000)
  region size 1024K, 3 young (3072K), 3 survivors (3072K)
 Metaspace       used 59496K, committed 59904K, reserved 1114112K
  class space    used 8116K, committed 8320K, reserved 1048576K
}
Event: 18.914 GC heap before
{Heap before GC invocations=23 (full 0):
 garbage-first heap   total 81920K, used 58198K [0x0000000081c00000, 0x0000000100000000)
  region size 1024K, 17 young (17408K), 3 survivors (3072K)
 Metaspace       used 59552K, committed 59968K, reserved 1114112K
  class space    used 8126K, committed 8320K, reserved 1048576K
}
Event: 18.919 GC heap after
{Heap after GC invocations=24 (full 0):
 garbage-first heap   total 81920K, used 48969K [0x0000000081c00000, 0x0000000100000000)
  region size 1024K, 3 young (3072K), 3 survivors (3072K)
 Metaspace       used 59552K, committed 59968K, reserved 1114112K
  class space    used 8126K, committed 8320K, reserved 1048576K
}
Event: 19.008 GC heap before
{Heap before GC invocations=24 (full 0):
 garbage-first heap   total 81920K, used 59209K [0x0000000081c00000, 0x0000000100000000)
  region size 1024K, 15 young (15360K), 3 survivors (3072K)
 Metaspace       used 59568K, committed 59968K, reserved 1114112K
  class space    used 8126K, committed 8320K, reserved 1048576K
}
Event: 19.011 GC heap after
{Heap after GC invocations=25 (full 0):
 garbage-first heap   total 81920K, used 51892K [0x0000000081c00000, 0x0000000100000000)
  region size 1024K, 3 young (3072K), 3 survivors (3072K)
 Metaspace       used 59568K, committed 59968K, reserved 1114112K
  class space    used 8126K, committed 8320K, reserved 1048576K
}
Event: 19.113 GC heap before
{Heap before GC invocations=26 (full 0):
 garbage-first heap   total 101376K, used 64180K [0x0000000081c00000, 0x0000000100000000)
  region size 1024K, 15 young (15360K), 3 survivors (3072K)
 Metaspace       used 59571K, committed 59968K, reserved 1114112K
  class space    used 8126K, committed 8320K, reserved 1048576K
}
Event: 19.116 GC heap after
{Heap after GC invocations=27 (full 0):
 garbage-first heap   total 101376K, used 55126K [0x0000000081c00000, 0x0000000100000000)
  region size 1024K, 2 young (2048K), 2 survivors (2048K)
 Metaspace       used 59571K, committed 59968K, reserved 1114112K
  class space    used 8126K, committed 8320K, reserved 1048576K
}
Event: 19.120 GC heap before
{Heap before GC invocations=27 (full 0):
 garbage-first heap   total 101376K, used 57174K [0x0000000081c00000, 0x0000000100000000)
  region size 1024K, 4 young (4096K), 2 survivors (2048K)
 Metaspace       used 59571K, committed 59968K, reserved 1114112K
  class space    used 8126K, committed 8320K, reserved 1048576K
}
Event: 19.123 GC heap after
{Heap after GC invocations=28 (full 0):
 garbage-first heap   total 101376K, used 50631K [0x0000000081c00000, 0x0000000100000000)
  region size 1024K, 1 young (1024K), 1 survivors (1024K)
 Metaspace       used 59571K, committed 59968K, reserved 1114112K
  class space    used 8126K, committed 8320K, reserved 1048576K
}
Event: 19.337 GC heap before
{Heap before GC invocations=28 (full 0):
 garbage-first heap   total 101376K, used 73159K [0x0000000081c00000, 0x0000000100000000)
  region size 1024K, 24 young (24576K), 1 survivors (1024K)
 Metaspace       used 59602K, committed 59968K, reserved 1114112K
  class space    used 8126K, committed 8320K, reserved 1048576K
}
Event: 19.342 GC heap after
{Heap after GC invocations=29 (full 0):
 garbage-first heap   total 101376K, used 57529K [0x0000000081c00000, 0x0000000100000000)
  region size 1024K, 3 young (3072K), 3 survivors (3072K)
 Metaspace       used 59602K, committed 59968K, reserved 1114112K
  class space    used 8126K, committed 8320K, reserved 1048576K
}
Event: 19.489 GC heap before
{Heap before GC invocations=30 (full 0):
 garbage-first heap   total 107520K, used 74937K [0x0000000081c00000, 0x0000000100000000)
  region size 1024K, 21 young (21504K), 3 survivors (3072K)
 Metaspace       used 59605K, committed 59968K, reserved 1114112K
  class space    used 8126K, committed 8320K, reserved 1048576K
}
Event: 19.493 GC heap after
{Heap after GC invocations=31 (full 0):
 garbage-first heap   total 107520K, used 61683K [0x0000000081c00000, 0x0000000100000000)
  region size 1024K, 3 young (3072K), 3 survivors (3072K)
 Metaspace       used 59605K, committed 59968K, reserved 1114112K
  class space    used 8126K, committed 8320K, reserved 1048576K
}
Event: 19.498 GC heap before
{Heap before GC invocations=31 (full 0):
 garbage-first heap   total 107520K, used 63731K [0x0000000081c00000, 0x0000000100000000)
  region size 1024K, 5 young (5120K), 3 survivors (3072K)
 Metaspace       used 59605K, committed 59968K, reserved 1114112K
  class space    used 8126K, committed 8320K, reserved 1048576K
}

Deoptimization events (20 events):
Event: 19.188 Thread 0x000002bbfef05bb0 DEOPT PACKING pc=0x000002bbe8f85b4b sp=0x000000be637fe9f0
Event: 19.188 Thread 0x000002bbfef05bb0 DEOPT UNPACKING pc=0x000002bbef902b43 sp=0x000000be637fdf00 mode 0
Event: 19.188 Thread 0x000002bbc5a769c0 DEOPT PACKING pc=0x000002bbe904af3f sp=0x000000be632feb60
Event: 19.188 Thread 0x000002bbc5a769c0 DEOPT UNPACKING pc=0x000002bbef902b43 sp=0x000000be632fe150 mode 0
Event: 19.190 Thread 0x000002bbfef03330 DEOPT PACKING pc=0x000002bbe904af3f sp=0x000000be636ff160
Event: 19.190 Thread 0x000002bbfef03330 DEOPT UNPACKING pc=0x000002bbef902b43 sp=0x000000be636fe750 mode 0
Event: 19.190 Thread 0x000002bbc5a75fa0 DEOPT PACKING pc=0x000002bbe8f85b4b sp=0x000000be631fec90
Event: 19.190 Thread 0x000002bbc5a75fa0 DEOPT UNPACKING pc=0x000002bbef902b43 sp=0x000000be631fe1a0 mode 0
Event: 19.191 Thread 0x000002bbfef03330 DEOPT PACKING pc=0x000002bbe8f85b4b sp=0x000000be636fef50
Event: 19.191 Thread 0x000002bbfef03330 DEOPT UNPACKING pc=0x000002bbef902b43 sp=0x000000be636fe460 mode 0
Event: 19.192 Thread 0x000002bbc5a75fa0 DEOPT PACKING pc=0x000002bbe904af3f sp=0x000000be631fefc0
Event: 19.192 Thread 0x000002bbc5a75fa0 DEOPT UNPACKING pc=0x000002bbef902b43 sp=0x000000be631fe5b0 mode 0
Event: 19.198 Thread 0x000002bbc5a75fa0 DEOPT PACKING pc=0x000002bbe8f85b4b sp=0x000000be631fec30
Event: 19.198 Thread 0x000002bbc5a75fa0 DEOPT UNPACKING pc=0x000002bbef902b43 sp=0x000000be631fe140 mode 0
Event: 19.422 Thread 0x000002bbfef09870 DEOPT PACKING pc=0x000002bbe8fff91e sp=0x000000be637fe010
Event: 19.422 Thread 0x000002bbfef09870 DEOPT UNPACKING pc=0x000002bbef902b43 sp=0x000000be637fd848 mode 0
Event: 19.462 Thread 0x000002bbc5a76ed0 DEOPT PACKING pc=0x000002bbe8fff91e sp=0x000000be632fe370
Event: 19.462 Thread 0x000002bbc5a76ed0 DEOPT UNPACKING pc=0x000002bbef902b43 sp=0x000000be632fdba8 mode 0
Event: 19.497 Thread 0x000002bbfef0a290 DEOPT PACKING pc=0x000002bbe8fff91e sp=0x000000be636fe070
Event: 19.497 Thread 0x000002bbfef0a290 DEOPT UNPACKING pc=0x000002bbef902b43 sp=0x000000be636fd8a8 mode 0

Classes unloaded (0 events):
No events

Classes redefined (0 events):
No events

Internal exceptions (20 events):
Event: 19.270 Thread 0x000002bbc5a769c0 Exception <a 'sun/nio/fs/WindowsException'{0x0000000086e016a8}> (0x0000000086e016a8) 
thrown [s\open\src\hotspot\share\prims\jni.cpp, line 516]
Event: 19.270 Thread 0x000002bbc5a769c0 Exception <a 'sun/nio/fs/WindowsException'{0x0000000086e01978}> (0x0000000086e01978) 
thrown [s\open\src\hotspot\share\prims\jni.cpp, line 516]
Event: 19.270 Thread 0x000002bbc5a769c0 Exception <a 'sun/nio/fs/WindowsException'{0x0000000086e022c0}> (0x0000000086e022c0) 
thrown [s\open\src\hotspot\share\prims\jni.cpp, line 516]
Event: 19.270 Thread 0x000002bbc5a769c0 Exception <a 'sun/nio/fs/WindowsException'{0x0000000086e025d0}> (0x0000000086e025d0) 
thrown [s\open\src\hotspot\share\prims\jni.cpp, line 516]
Event: 19.270 Thread 0x000002bbc5a769c0 Exception <a 'sun/nio/fs/WindowsException'{0x0000000086e02ef0}> (0x0000000086e02ef0) 
thrown [s\open\src\hotspot\share\prims\jni.cpp, line 516]
Event: 19.270 Thread 0x000002bbc5a769c0 Exception <a 'sun/nio/fs/WindowsException'{0x0000000086e031d0}> (0x0000000086e031d0) 
thrown [s\open\src\hotspot\share\prims\jni.cpp, line 516]
Event: 19.270 Thread 0x000002bbc5a769c0 Exception <a 'sun/nio/fs/WindowsException'{0x0000000086e03ac8}> (0x0000000086e03ac8) 
thrown [s\open\src\hotspot\share\prims\jni.cpp, line 516]
Event: 19.270 Thread 0x000002bbc5a769c0 Exception <a 'sun/nio/fs/WindowsException'{0x0000000086e03d68}> (0x0000000086e03d68) 
thrown [s\open\src\hotspot\share\prims\jni.cpp, line 516]
Event: 19.270 Thread 0x000002bbc5a769c0 Exception <a 'sun/nio/fs/WindowsException'{0x0000000086e04670}> (0x0000000086e04670) 
thrown [s\open\src\hotspot\share\prims\jni.cpp, line 516]
Event: 19.270 Thread 0x000002bbc5a769c0 Exception <a 'sun/nio/fs/WindowsException'{0x0000000086e04930}> (0x0000000086e04930) 
thrown [s\open\src\hotspot\share\prims\jni.cpp, line 516]
Event: 19.271 Thread 0x000002bbc5a769c0 Exception <a 'sun/nio/fs/WindowsException'{0x0000000086e05228}> (0x0000000086e05228) 
thrown [s\open\src\hotspot\share\prims\jni.cpp, line 516]
Event: 19.271 Thread 0x000002bbc5a769c0 Exception <a 'sun/nio/fs/WindowsException'{0x0000000086e054d8}> (0x0000000086e054d8) 
thrown [s\open\src\hotspot\share\prims\jni.cpp, line 516]
Event: 19.271 Thread 0x000002bbc5a769c0 Exception <a 'sun/nio/fs/WindowsException'{0x0000000086e05de0}> (0x0000000086e05de0) 
thrown [s\open\src\hotspot\share\prims\jni.cpp, line 516]
Event: 19.271 Thread 0x000002bbc5a769c0 Exception <a 'sun/nio/fs/WindowsException'{0x0000000086e060a0}> (0x0000000086e060a0) 
thrown [s\open\src\hotspot\share\prims\jni.cpp, line 516]
Event: 19.271 Thread 0x000002bbc5a769c0 Exception <a 'sun/nio/fs/WindowsException'{0x0000000086e069c0}> (0x0000000086e069c0) 
thrown [s\open\src\hotspot\share\prims\jni.cpp, line 516]
Event: 19.271 Thread 0x000002bbc5a769c0 Exception <a 'sun/nio/fs/WindowsException'{0x0000000086e06ca0}> (0x0000000086e06ca0) 
thrown [s\open\src\hotspot\share\prims\jni.cpp, line 516]
Event: 19.271 Thread 0x000002bbc5a769c0 Exception <a 'sun/nio/fs/WindowsException'{0x0000000086e075d8}> (0x0000000086e075d8) 
thrown [s\open\src\hotspot\share\prims\jni.cpp, line 516]
Event: 19.271 Thread 0x000002bbc5a769c0 Exception <a 'sun/nio/fs/WindowsException'{0x0000000086e078d0}> (0x0000000086e078d0) 
thrown [s\open\src\hotspot\share\prims\jni.cpp, line 516]
Event: 19.271 Thread 0x000002bbc5a769c0 Exception <a 'sun/nio/fs/WindowsException'{0x0000000086e08200}> (0x0000000086e08200) 
thrown [s\open\src\hotspot\share\prims\jni.cpp, line 516]
Event: 19.271 Thread 0x000002bbc5a769c0 Exception <a 'sun/nio/fs/WindowsException'{0x0000000086e084f0}> (0x0000000086e084f0) 
thrown [s\open\src\hotspot\share\prims\jni.cpp, line 516]

VM Operations (20 events):
Event: 19.013 Executing VM operation: G1TryInitiateConcMark done
Event: 19.066 Executing VM operation: HandshakeAllThreads
Event: 19.066 Executing VM operation: HandshakeAllThreads done
Event: 19.075 Executing VM operation: G1Concurrent
Event: 19.078 Executing VM operation: G1Concurrent done
Event: 19.110 Executing VM operation: G1Concurrent
Event: 19.112 Executing VM operation: G1Concurrent done
Event: 19.113 Executing VM operation: G1CollectForAllocation
Event: 19.117 Executing VM operation: G1CollectForAllocation done
Event: 19.120 Executing VM operation: G1CollectForAllocation
Event: 19.124 Executing VM operation: G1CollectForAllocation done
Event: 19.323 Executing VM operation: G1CollectForAllocation
Event: 19.357 Executing VM operation: G1CollectForAllocation done
Event: 19.415 Executing VM operation: G1Concurrent
Event: 19.419 Executing VM operation: G1Concurrent done
Event: 19.450 Executing VM operation: G1Concurrent
Event: 19.451 Executing VM operation: G1Concurrent done
Event: 19.487 Executing VM operation: G1CollectForAllocation
Event: 19.495 Executing VM operation: G1CollectForAllocation done
Event: 19.497 Executing VM operation: G1CollectForAllocation

Events (20 events):
Event: 19.226 Thread 0x000002bbc5a778f0 Thread added: 0x000002bbc5a778f0
Event: 19.226 Thread 0x000002bbc5a78310 Thread added: 0x000002bbc5a78310
Event: 19.226 Thread 0x000002bbfef09360 Thread added: 0x000002bbfef09360
Event: 19.226 Thread 0x000002bbfef09870 Thread added: 0x000002bbfef09870
Event: 19.230 Thread 0x000002bbc5a75fa0 Thread exited: 0x000002bbc5a75fa0
Event: 19.230 Thread 0x000002bbc5a769c0 Thread exited: 0x000002bbc5a769c0
Event: 19.230 Thread 0x000002bbc5a76ed0 Thread exited: 0x000002bbc5a76ed0
Event: 19.230 Thread 0x000002bbc5a778f0 Thread exited: 0x000002bbc5a778f0
Event: 19.230 Thread 0x000002bbfef09870 Thread exited: 0x000002bbfef09870
Event: 19.230 Thread 0x000002bbc5a773e0 Thread exited: 0x000002bbc5a773e0
Event: 19.230 Thread 0x000002bbfef09360 Thread exited: 0x000002bbfef09360
Event: 19.231 Thread 0x000002bbc5a78310 Thread exited: 0x000002bbc5a78310
Event: 19.249 Thread 0x000002bbc5a769c0 Thread added: 0x000002bbc5a769c0
Event: 19.255 Thread 0x000002bbc5a75fa0 Thread added: 0x000002bbc5a75fa0
Event: 19.255 Thread 0x000002bbc5a76ed0 Thread added: 0x000002bbc5a76ed0
Event: 19.255 Thread 0x000002bbc5a773e0 Thread added: 0x000002bbc5a773e0
Event: 19.255 Thread 0x000002bbc5a778f0 Thread added: 0x000002bbc5a778f0
Event: 19.255 Thread 0x000002bbc5a78310 Thread added: 0x000002bbc5a78310
Event: 19.255 Thread 0x000002bbfef0a290 Thread added: 0x000002bbfef0a290
Event: 19.255 Thread 0x000002bbfef09870 Thread added: 0x000002bbfef09870


Dynamic libraries:
0x00007ff6b50d0000 - 0x00007ff6b50e0000 	C:\Program Files\Java\jdk-17\bin\java.exe
0x00007ffa62790000 - 0x00007ffa62988000 	C:\WINDOWS\SYSTEM32\ntdll.dll
0x00007ffa61860000 - 0x00007ffa6191d000 	C:\WINDOWS\System32\KERNEL32.DLL
0x00007ffa5ff80000 - 0x00007ffa60276000 	C:\WINDOWS\System32\KERNELBASE.dll
0x00007ffa60280000 - 0x00007ffa60380000 	C:\WINDOWS\System32\ucrtbase.dll
0x00007ffa4dbe0000 - 0x00007ffa4dbfb000 	C:\Program Files\Java\jdk-17\bin\VCRUNTIME140.dll
0x00007ffa4dbc0000 - 0x00007ffa4dbd9000 	C:\Program Files\Java\jdk-17\bin\jli.dll
0x00007ffa61790000 - 0x00007ffa61843000 	C:\WINDOWS\System32\ADVAPI32.dll
0x00007ffa608c0000 - 0x00007ffa6095e000 	C:\WINDOWS\System32\msvcrt.dll
0x00007ffa62320000 - 0x00007ffa623bf000 	C:\WINDOWS\System32\sechost.dll
0x00007ffa62500000 - 0x00007ffa62626000 	C:\WINDOWS\System32\RPCRT4.dll
0x00007ffa5fe50000 - 0x00007ffa5fe77000 	C:\WINDOWS\System32\bcrypt.dll
0x00007ffa615c0000 - 0x00007ffa6175e000 	C:\WINDOWS\System32\USER32.dll
0x00007ffa604a0000 - 0x00007ffa604c2000 	C:\WINDOWS\System32\win32u.dll
0x00007ffa4f0a0000 - 0x00007ffa4f33a000 	C:\WINDOWS\WinSxS\amd64_microsoft.windows.common-controls_6595b64144ccf1df_6.0.19041.3636_none_60b6a03d71f818d5\COMCTL32.dll
0x00007ffa61760000 - 0x00007ffa6178b000 	C:\WINDOWS\System32\GDI32.dll
0x00007ffa60380000 - 0x00007ffa60497000 	C:\WINDOWS\System32\gdi32full.dll
0x00007ffa60730000 - 0x00007ffa607cd000 	C:\WINDOWS\System32\msvcp_win.dll
0x00007ffa58f10000 - 0x00007ffa58f1a000 	C:\WINDOWS\SYSTEM32\VERSION.dll
0x00007ffa60880000 - 0x00007ffa608b2000 	C:\WINDOWS\System32\IMM32.DLL
0x00007ffa5b8d0000 - 0x00007ffa5b8dc000 	C:\Program Files\Java\jdk-17\bin\vcruntime140_1.dll
0x00007ffa4be60000 - 0x00007ffa4beee000 	C:\Program Files\Java\jdk-17\bin\msvcp140.dll
0x00007ffa03150000 - 0x00007ffa03d31000 	C:\Program Files\Java\jdk-17\bin\server\jvm.dll
0x00007ffa61850000 - 0x00007ffa61858000 	C:\WINDOWS\System32\PSAPI.DLL
0x00007ffa42a40000 - 0x00007ffa42a49000 	C:\WINDOWS\SYSTEM32\WSOCK32.dll
0x00007ffa4f500000 - 0x00007ffa4f527000 	C:\WINDOWS\SYSTEM32\WINMM.dll
0x00007ffa61f50000 - 0x00007ffa61fbb000 	C:\WINDOWS\System32\WS2_32.dll
0x00007ffa5dcc0000 - 0x00007ffa5dcd2000 	C:\WINDOWS\SYSTEM32\kernel.appcore.dll
0x00007ffa56d60000 - 0x00007ffa56d6a000 	C:\Program Files\Java\jdk-17\bin\jimage.dll
0x00007ffa4c040000 - 0x00007ffa4c224000 	C:\WINDOWS\SYSTEM32\DBGHELP.DLL
0x00007ffa4c000000 - 0x00007ffa4c034000 	C:\WINDOWS\SYSTEM32\dbgcore.DLL
0x00007ffa60630000 - 0x00007ffa606b2000 	C:\WINDOWS\System32\bcryptPrimitives.dll
0x00007ffa4da50000 - 0x00007ffa4da5e000 	C:\Program Files\Java\jdk-17\bin\instrument.dll
0x00007ffa4db40000 - 0x00007ffa4db65000 	C:\Program Files\Java\jdk-17\bin\java.dll
0x00007ffa411b0000 - 0x00007ffa41287000 	C:\Program Files\Java\jdk-17\bin\jsvml.dll
0x00007ffa60af0000 - 0x00007ffa61235000 	C:\WINDOWS\System32\SHELL32.dll
0x00007ffa5dec0000 - 0x00007ffa5e65c000 	C:\WINDOWS\SYSTEM32\windows.storage.dll
0x00007ffa61fc0000 - 0x00007ffa62314000 	C:\WINDOWS\System32\combase.dll
0x00007ffa5f880000 - 0x00007ffa5f8ae000 	C:\WINDOWS\SYSTEM32\Wldp.dll
0x00007ffa614f0000 - 0x00007ffa615bd000 	C:\WINDOWS\System32\OLEAUT32.dll
0x00007ffa607d0000 - 0x00007ffa6087d000 	C:\WINDOWS\System32\SHCORE.dll
0x00007ffa62420000 - 0x00007ffa62475000 	C:\WINDOWS\System32\shlwapi.dll
0x00007ffa5fd80000 - 0x00007ffa5fda5000 	C:\WINDOWS\SYSTEM32\profapi.dll
0x00007ffa4da90000 - 0x00007ffa4daa8000 	C:\Program Files\Java\jdk-17\bin\zip.dll
0x00007ffa4db20000 - 0x00007ffa4db39000 	C:\Program Files\Java\jdk-17\bin\net.dll
0x00007ffa546e0000 - 0x00007ffa547ea000 	C:\WINDOWS\SYSTEM32\WINHTTP.dll
0x00007ffa5f530000 - 0x00007ffa5f59a000 	C:\WINDOWS\system32\mswsock.dll
0x00007ffa4db00000 - 0x00007ffa4db16000 	C:\Program Files\Java\jdk-17\bin\nio.dll
0x00007ffa4d960000 - 0x00007ffa4d97a000 	D:\Program Files\IntelliJ IDEA 2023.3.4\bin\breakgen64.dll
0x00007ffa4da40000 - 0x00007ffa4da50000 	C:\Program Files\Java\jdk-17\bin\verify.dll
0x00007ffa4bf60000 - 0x00007ffa4bf6a000 	C:\Program Files\Java\jdk-17\bin\management.dll
0x00007ffa4bf50000 - 0x00007ffa4bf5b000 	C:\Program Files\Java\jdk-17\bin\management_ext.dll
0x00007ffa4cd80000 - 0x00007ffa4cd97000 	C:\WINDOWS\system32\napinsp.dll
0x00007ffa3b850000 - 0x00007ffa3b86b000 	C:\WINDOWS\system32\pnrpnsp.dll
0x00007ffa59c20000 - 0x00007ffa59c35000 	C:\WINDOWS\system32\wshbth.dll
0x00007ffa5b710000 - 0x00007ffa5b72d000 	C:\WINDOWS\system32\NLAapi.dll
0x00007ffa5f230000 - 0x00007ffa5f26b000 	C:\WINDOWS\SYSTEM32\IPHLPAPI.DLL
0x00007ffa5f270000 - 0x00007ffa5f33b000 	C:\WINDOWS\SYSTEM32\DNSAPI.dll
0x00007ffa612c0000 - 0x00007ffa612c8000 	C:\WINDOWS\System32\NSI.dll
0x00007ffa3b710000 - 0x00007ffa3b722000 	C:\WINDOWS\System32\winrnr.dll
0x00007ffa50a90000 - 0x00007ffa50a9a000 	C:\Windows\System32\rasadhlp.dll
0x00007ffa509a0000 - 0x00007ffa50a20000 	C:\WINDOWS\System32\fwpuclnt.dll
0x00007ffa5f760000 - 0x00007ffa5f778000 	C:\WINDOWS\SYSTEM32\CRYPTSP.dll
0x00007ffa5ee60000 - 0x00007ffa5ee94000 	C:\WINDOWS\system32\rsaenh.dll
0x00007ffa5fd00000 - 0x00007ffa5fd2e000 	C:\WINDOWS\SYSTEM32\USERENV.dll
0x00007ffa5f780000 - 0x00007ffa5f78c000 	C:\WINDOWS\SYSTEM32\CRYPTBASE.dll
0x00007ffa58030000 - 0x00007ffa58047000 	C:\WINDOWS\SYSTEM32\dhcpcsvc6.DLL
0x00007ffa58010000 - 0x00007ffa5802d000 	C:\WINDOWS\SYSTEM32\dhcpcsvc.DLL

dbghelp: loaded successfully - version: 4.0.5 - missing functions: none
symbol engine: initialized successfully - sym options: 0x614 - pdb path: .;C:\Program Files\Java\jdk-17\bin;C:\WINDOWS\SYSTEM32;C:\WINDOWS\WinSxS\amd64_microsoft.windows.common-controls_6595b64144ccf1df_6.0.19041.3636_none_60b6a03d71f818d5;C:\Program Files\Java\jdk-17\bin\server;D:\Program Files\IntelliJ IDEA 2023.3.4\bin

VM Arguments:
jvm_args: -ea -Didea.test.cyclic.buffer.size=1048576 -javaagent:D:\Program Files\IntelliJ IDEA 2023.3.4\lib\idea_rt.jar=59768:D:\Program Files\IntelliJ IDEA 2023.3.4\bin -Dfile.encoding=UTF-8 
java_command: com.intellij.rt.junit.JUnitStarter -ideVersion5 -junit5 fr.uga.l3miage.spring.tp3.services.SessionServiceTest,testmodifyStateSession
java_class_path (initial): C:\Users\elian\.m2\repository\org\junit\platform\junit-platform-launcher\1.6.2\junit-platform-launcher-1.6.2.jar;D:\Program Files\IntelliJ IDEA 2023.3.4\lib\idea_rt.jar;D:\Program Files\IntelliJ IDEA 2023.3.4\plugins\junit\lib\junit5-rt.jar;D:\Program Files\IntelliJ IDEA 2023.3.4\plugins\junit\lib\junit-rt.jar;D:\ETUDES\L3_MIAGE\BD\VA-TP3-FINAL\server\target\test-classes;D:\ETUDES\L3_MIAGE\BD\VA-TP3-FINAL\server\target\classes;D:\ETUDES\L3_MIAGE\BD\VA-TP3-FINAL\rest-api\target\classes;C:\Users\elian\.m2\repository\org\springframework\spring-web\5.2.6.RELEASE\spring-web-5.2.6.RELEASE.jar;C:\Users\elian\.m2\repository\org\springframework\spring-beans\5.2.6.RELEASE\spring-beans-5.2.6.RELEASE.jar;C:\Users\elian\.m2\repository\io\swagger\swagger-annotations\1.5.9\swagger-annotations-1.5.9.jar;C:\Users\elian\.m2\repository\org\springdoc\springdoc-openapi-ui\1.6.14\springdoc-openapi-ui-1.6.14.jar;C:\Users\elian\.m2\repository\org\springdoc\springdoc-openapi-webmvc-core\1.6.14\springdoc-openapi-webmvc-core-1.6.14.jar;C:\Users\elian\.m2\repository\org\springdoc\springdoc-openapi-common\1.6.14\springdoc-openapi-common-1.6.14.jar;C:\Users\elian\.m2\repository\io\swagger\core\v3\swagger-core\2.2.7\swagger-core-2.2.7.jar;C:\Users\elian\.m2\repository\org\apache\commons\commons-lang3\3.10\commons-lang3-3.10.jar;C:\Users\elian\.m2\repository\com\fasterxml\jackson\dataformat\jackson-dataformat-yaml\2.11.0\jackson-dataformat-yaml-2.11.0.jar;C:\Users\elian\.m2\repository\io\swagger\core\v3\swagger-annotations\2.2.7\swagger-annotations-2.2.7.jar;C:\Users\elian\.m2\repository\io\swagger\core\v3\swagger-models\2.2.7\swagger-models-2.2.7.jar;C:\Users\elian\.m2\repository\org\webjars\swagger-ui\4.15.5\swagger-ui-4.15.5.jar;C:\Users\elian\.m2\repository\org\webjars\webjars-locator-core\0.45\webjars-locator-core-0.45.jar;C:\Users\elian\.m2\repository\com\fasterxml\jackson\core\jackson-core\2.11.0\jackson-core-2.11.0.jar;C:\Users\elian\.m2\repository\io\github\cl
Launcher Type: SUN_STANDARD

[Global flags]
     intx CICompilerCount                          = 3                                         {product} {ergonomic}
     uint ConcGCThreads                            = 1                                         {product} {ergonomic}
     uint G1ConcRefinementThreads                  = 4                                         {product} {ergonomic}
   size_t G1HeapRegionSize                         = 1048576                                   {product} {ergonomic}
    uintx GCDrainStackTargetSize                   = 64                                        {product} {ergonomic}
   size_t InitialHeapSize                          = 134217728                                 {product} {ergonomic}
   size_t MarkStackSize                            = 4194304                                   {product} {ergonomic}
   size_t MaxHeapSize                              = 2118123520                                {product} {ergonomic}
   size_t MaxNewSize                               = 1270874112                                {product} {ergonomic}
   size_t MinHeapDeltaBytes                        = 1048576                                   {product} {ergonomic}
   size_t MinHeapSize                              = 8388608                                   {product} {ergonomic}
    uintx NonNMethodCodeHeapSize                   = 5832780                                {pd product} {ergonomic}
    uintx NonProfiledCodeHeapSize                  = 122912730                              {pd product} {ergonomic}
    uintx ProfiledCodeHeapSize                     = 122912730                              {pd product} {ergonomic}
    uintx ReservedCodeCacheSize                    = 251658240                              {pd product} {ergonomic}
     bool SegmentedCodeCache                       = true                                      {product} {ergonomic}
   size_t SoftMaxHeapSize                          = 2118123520                             {manageable} {ergonomic}
     bool UseCompressedClassPointers               = true                           {product lp64_product} {ergonomic}
     bool UseCompressedOops                        = true                           {product lp64_product} {ergonomic}
     bool UseG1GC                                  = true                                      {product} {ergonomic}
     bool UseLargePagesIndividualAllocation        = false                                  {pd product} {ergonomic}

Logging:
Log output configuration:
 #0: stdout all=warning uptime,level,tags
 #1: stderr all=off uptime,level,tags

Environment Variables:
PATH=C:\Program Files\Common Files\Oracle\Java\javapath;C:\Program Files (x86)\Common Files\Oracle\Java\javapath;C:\Program Files (x86)\Intel\iCLS Client\;C:\Program Files\Intel\iCLS Client\;C:\Windows\system32;C:\Windows;C:\Windows\System32\Wbem;C:\Windows\System32\WindowsPowerShell\v1.0\;C:\Program Files (x86)\NVIDIA Corporation\PhysX\Common;C:\Program Files (x86)\Intel\Intel(R) Management Engine Components\DAL;C:\Program Files\Intel\Intel(R) Management Engine Components\DAL;C:\Program Files (x86)\Intel\Intel(R) Management Engine Components\IPT;C:\Program Files\Intel\Intel(R) Management Engine Components\IPT;C:\Program Files\Intel\WiFi\bin\;C:\Program Files\Common Files\Intel\WirelessCommon\;C:\Program Files (x86)\GtkSharp\2.12\bin;C:\WINDOWS\system32;C:\WINDOWS;C:\WINDOWS\System32\Wbem;C:\WINDOWS\System32\WindowsPowerShell\v1.0\;C:\WINDOWS\System32\OpenSSH\;C:\ProgramData\chocolatey\bin;C:\MinGW\bin;C:\Program Files\Git\cmd;C:\Program Files\Docker\Docker\resources\bin;C:\Program Files\node\;C:\Users\elian\scoop\apps\python\current\Scripts;C:\Users\elian\scoop\apps\python\current;C:\Users\elian\scoop\shims;C:\Users\elian\AppData\Local\Microsoft\WindowsApps;C:\Users\elian\AppData\Local\Programs\Microsoft VS Code\bin;C:\Users\elian\AppData\Local\GitHubDesktop\bin;c:\users\elian\.local\bin;c:\users\elian\appdata\roaming\python\python312\scripts;D:\ETUDES\L3_MIAGE\cration_systme_information\CSI_GIT\l3miage-2324-csi-G22\tools\use\bin\;D:\apache-maven-3.8.8-bin\apache-maven-3.8.8\bin;D:\Program Files\IntelliJ IDEA 2023.3.4\bin;;C:\Users\elian\AppData\Local\Programs\MiKTeX\miktex\bin\x64\;C:\Users\elian\AppData\Roaming\npm
USERNAME=elian
OS=Windows_NT
PROCESSOR_IDENTIFIER=Intel64 Family 6 Model 158 Stepping 9, GenuineIntel



---------------  S Y S T E M  ---------------

OS:
 Windows 10 , 64 bit Build 19041 (10.0.19041.3636)
OS uptime: 23 days 14:00 hours
Hyper-V role detected

CPU: total 4 (initial active 4) (4 cores per cpu, 1 threads per core) family 6 model 158 stepping 9 microcode 0xb4, cx8, cmov, fxsr, mmx, 3dnowpref, sse, sse2, sse3, ssse3, sse4.1, sse4.2, popcnt, lzcnt, tsc, tscinvbit, avx, avx2, aes, erms, clmul, bmi1, bmi2, adx, fma, vzeroupper, clflush, clflushopt, hv

Memory: 4k page, system-wide physical 8077M (492M free)
TotalPageFile size 23196M (AvailPageFile size 111M)
current process WorkingSet (physical memory assigned to process): 296M, peak: 299M
current process commit charge ("private bytes"): 352M, peak: 541M

vm_info: Java HotSpot(TM) 64-Bit Server VM (17.0.9+11-LTS-201) for windows-amd64 JRE (17.0.9+11-LTS-201), built on Oct 10 2023 23:16:06 by "mach5one" with MS VC++ 17.1 (VS2022)

END.
